<?xml version="1.0" encoding="UTF-8"?>
<!-- Generated by org.testng.reporters.JUnitXMLReporter -->
<testsuite hostname="ML-J5P86S2" ignored="0" name="Test" tests="3" failures="0" timestamp="27 Feb 2021 18:58:51 GMT" time="77.788" errors="0">
  <testcase name="loginActivity" time="18.991" classname="DreamPackage.Dream11Project.LoginPageTest"/>
  <testcase name="LoginViaGoogle" time="2.487" classname="DreamPackage.Dream11Project.LoginPageTest"/>
  <testcase name="footerActivity" time="56.28" classname="DreamPackage.Dream11Project.HomePageTest"/>
</testsuite> <!-- Test -->
