<?xml version="1.0" encoding="UTF-8"?>
<testng-results skipped="0" failed="0" ignored="0" total="3" passed="3">
  <reporter-output>
  </reporter-output>
  <suite name="Suite" duration-ms="77788" started-at="2021-02-27T18:57:33Z" finished-at="2021-02-27T18:58:51Z">
    <groups>
    </groups>
    <test name="Test" duration-ms="77788" started-at="2021-02-27T18:57:33Z" finished-at="2021-02-27T18:58:51Z">
      <class name="DreamPackage.Dream11Project.LoginPageTest">
        <test-method status="PASS" signature="loginActivity()[pri:0, instance:DreamPackage.Dream11Project.LoginPageTest@185d8b6]" name="loginActivity" duration-ms="18991" started-at="2021-02-27T18:57:33Z" finished-at="2021-02-27T18:57:52Z">
          <reporter-output>
          </reporter-output>
        </test-method> <!-- loginActivity -->
        <test-method status="PASS" signature="LoginViaGoogle()[pri:0, instance:DreamPackage.Dream11Project.LoginPageTest@185d8b6]" name="LoginViaGoogle" duration-ms="2487" started-at="2021-02-27T18:57:52Z" depends-on-methods="DreamPackage.Dream11Project.LoginPageTest.loginActivity" finished-at="2021-02-27T18:57:55Z">
          <reporter-output>
          </reporter-output>
        </test-method> <!-- LoginViaGoogle -->
      </class> <!-- DreamPackage.Dream11Project.LoginPageTest -->
      <class name="DreamPackage.Dream11Project.HomePageTest">
        <test-method status="PASS" signature="footerActivity()[pri:0, instance:DreamPackage.Dream11Project.HomePageTest@67784306]" name="footerActivity" duration-ms="56280" started-at="2021-02-27T18:57:55Z" finished-at="2021-02-27T18:58:51Z">
          <reporter-output>
          </reporter-output>
        </test-method> <!-- footerActivity -->
      </class> <!-- DreamPackage.Dream11Project.HomePageTest -->
    </test> <!-- Test -->
  </suite> <!-- Suite -->
</testng-results>
